mode: set
github.com/artziel/go-migrations/tests.go:14.56,19.2 2 0
github.com/artziel/go-migrations/tests.go:33.56,34.27 1 0
github.com/artziel/go-migrations/tests.go:38.2,38.37 1 0
github.com/artziel/go-migrations/tests.go:44.2,44.14 1 0
github.com/artziel/go-migrations/tests.go:34.27,36.3 1 0
github.com/artziel/go-migrations/tests.go:38.37,39.15 1 0
github.com/artziel/go-migrations/tests.go:39.15,41.4 1 0
github.com/artziel/go-migrations/bridge.go:5.66,7.2 1 0
github.com/artziel/go-migrations/database.go:26.43,27.27 1 0
github.com/artziel/go-migrations/database.go:30.2,30.27 1 0
github.com/artziel/go-migrations/database.go:33.2,33.30 1 0
github.com/artziel/go-migrations/database.go:36.2,36.31 1 0
github.com/artziel/go-migrations/database.go:27.27,29.3 1 0
github.com/artziel/go-migrations/database.go:30.27,32.3 1 0
github.com/artziel/go-migrations/database.go:33.30,35.3 1 0
github.com/artziel/go-migrations/database.go:36.31,38.3 1 0
github.com/artziel/go-migrations/database.go:46.36,47.17 1 0
github.com/artziel/go-migrations/database.go:51.2,51.18 1 0
github.com/artziel/go-migrations/database.go:47.17,49.3 1 0
github.com/artziel/go-migrations/database.go:54.62,58.16 3 0
github.com/artziel/go-migrations/database.go:62.2,64.38 2 0
github.com/artziel/go-migrations/database.go:69.2,69.35 1 0
github.com/artziel/go-migrations/database.go:73.2,73.12 1 0
github.com/artziel/go-migrations/database.go:58.16,60.3 1 0
github.com/artziel/go-migrations/database.go:64.38,66.3 1 0
github.com/artziel/go-migrations/database.go:69.35,71.3 1 0
github.com/artziel/go-migrations/database.go:76.52,78.17 1 0
github.com/artziel/go-migrations/database.go:82.2,98.16 6 0
github.com/artziel/go-migrations/database.go:102.2,108.18 5 0
github.com/artziel/go-migrations/database.go:78.17,80.3 1 0
github.com/artziel/go-migrations/database.go:98.16,100.3 1 0
github.com/artziel/go-migrations/database.go:111.14,114.2 2 0
github.com/artziel/go-migrations/migration.go:26.66,31.16 3 1
github.com/artziel/go-migrations/migration.go:35.2,37.26 2 1
github.com/artziel/go-migrations/migration.go:31.16,33.3 1 0
github.com/artziel/go-migrations/migration.go:40.52,44.20 3 1
github.com/artziel/go-migrations/migration.go:47.2,47.11 1 1
github.com/artziel/go-migrations/migration.go:44.20,46.3 1 1
github.com/artziel/go-migrations/migration.go:50.49,54.20 3 1
github.com/artziel/go-migrations/migration.go:57.2,57.11 1 1
github.com/artziel/go-migrations/migration.go:54.20,56.3 1 1
github.com/artziel/go-migrations/migration.go:60.52,64.20 3 1
github.com/artziel/go-migrations/migration.go:67.2,67.11 1 1
github.com/artziel/go-migrations/migration.go:64.20,66.3 1 1
github.com/artziel/go-migrations/migration.go:70.54,74.20 3 1
github.com/artziel/go-migrations/migration.go:77.2,77.11 1 1
github.com/artziel/go-migrations/migration.go:74.20,76.3 1 1
github.com/artziel/go-migrations/migrations.go:15.49,25.2 6 1
github.com/artziel/go-migrations/migrations.go:27.60,30.16 3 0
github.com/artziel/go-migrations/migrations.go:34.2,39.23 5 0
github.com/artziel/go-migrations/migrations.go:30.16,32.3 1 0
github.com/artziel/go-migrations/migrations.go:67.68,71.16 3 0
github.com/artziel/go-migrations/migrations.go:75.2,77.32 2 0
github.com/artziel/go-migrations/migrations.go:82.2,82.35 1 0
github.com/artziel/go-migrations/migrations.go:86.2,86.12 1 0
github.com/artziel/go-migrations/migrations.go:71.16,73.3 1 0
github.com/artziel/go-migrations/migrations.go:77.32,79.3 1 0
github.com/artziel/go-migrations/migrations.go:82.35,84.3 1 0
github.com/artziel/go-migrations/migrations.go:92.30,93.30 1 0
github.com/artziel/go-migrations/migrations.go:96.2,97.22 2 0
github.com/artziel/go-migrations/migrations.go:93.30,95.3 1 0
github.com/artziel/go-migrations/migrations.go:103.56,105.57 1 0
github.com/artziel/go-migrations/migrations.go:105.57,108.40 3 0
github.com/artziel/go-migrations/migrations.go:108.40,110.4 1 0
github.com/artziel/go-migrations/migrations.go:111.8,114.3 2 0
github.com/artziel/go-migrations/migrations.go:121.66,125.39 2 0
github.com/artziel/go-migrations/migrations.go:134.2,134.12 1 0
github.com/artziel/go-migrations/migrations.go:125.39,126.53 1 0
github.com/artziel/go-migrations/migrations.go:126.53,129.4 2 0
github.com/artziel/go-migrations/migrations.go:129.9,132.4 2 0
github.com/artziel/go-migrations/migrations.go:140.55,141.26 1 0
github.com/artziel/go-migrations/migrations.go:147.2,147.14 1 0
github.com/artziel/go-migrations/migrations.go:141.26,142.19 1 0
github.com/artziel/go-migrations/migrations.go:142.19,144.4 1 0
github.com/artziel/go-migrations/migrations.go:158.84,164.21 5 0
github.com/artziel/go-migrations/migrations.go:171.2,171.42 1 0
github.com/artziel/go-migrations/migrations.go:174.2,178.16 4 0
github.com/artziel/go-migrations/migrations.go:181.2,182.18 2 0
github.com/artziel/go-migrations/migrations.go:193.2,194.16 2 0
github.com/artziel/go-migrations/migrations.go:198.2,198.15 1 0
github.com/artziel/go-migrations/migrations.go:164.21,167.3 2 0
github.com/artziel/go-migrations/migrations.go:167.8,169.3 1 0
github.com/artziel/go-migrations/migrations.go:171.42,172.13 1 0
github.com/artziel/go-migrations/migrations.go:178.16,179.13 1 0
github.com/artziel/go-migrations/migrations.go:182.18,185.17 3 0
github.com/artziel/go-migrations/migrations.go:185.17,187.4 1 0
github.com/artziel/go-migrations/migrations.go:187.9,191.4 3 0
github.com/artziel/go-migrations/migrations.go:194.16,196.3 1 0
github.com/artziel/go-migrations/migrations.go:201.71,206.30 3 0
github.com/artziel/go-migrations/migrations.go:209.2,211.25 2 0
github.com/artziel/go-migrations/migrations.go:217.2,217.19 1 0
github.com/artziel/go-migrations/migrations.go:206.30,208.3 1 0
github.com/artziel/go-migrations/migrations.go:211.25,212.39 1 0
github.com/artziel/go-migrations/migrations.go:212.39,214.4 1 0
github.com/artziel/go-migrations/migrations.go:220.79,230.16 3 0
github.com/artziel/go-migrations/migrations.go:235.2,237.30 2 0
github.com/artziel/go-migrations/migrations.go:230.16,233.3 2 0
github.com/artziel/go-migrations/migrations.go:240.50,244.30 3 0
github.com/artziel/go-migrations/migrations.go:247.2,249.25 2 0
github.com/artziel/go-migrations/migrations.go:253.2,253.19 1 0
github.com/artziel/go-migrations/migrations.go:244.30,246.3 1 0
github.com/artziel/go-migrations/migrations.go:249.25,251.3 1 0
github.com/artziel/go-migrations/migrations.go:256.52,259.16 2 0
github.com/artziel/go-migrations/migrations.go:263.2,263.29 1 0
github.com/artziel/go-migrations/migrations.go:280.2,283.12 3 0
github.com/artziel/go-migrations/migrations.go:259.16,261.3 1 0
github.com/artziel/go-migrations/migrations.go:263.29,265.17 2 0
github.com/artziel/go-migrations/migrations.go:268.3,268.57 1 0
github.com/artziel/go-migrations/migrations.go:265.17,267.4 1 0
github.com/artziel/go-migrations/migrations.go:268.57,270.4 1 0
github.com/artziel/go-migrations/migrations.go:270.9,272.38 2 0
github.com/artziel/go-migrations/migrations.go:272.38,274.5 1 0
github.com/artziel/go-migrations/migrations.go:274.10,276.5 1 0
github.com/artziel/go-migrations/migrations.go:286.47,288.2 1 0
github.com/artziel/go-migrations/migrations.go:290.45,292.2 1 0
github.com/artziel/go-migrations/migrations.go:294.78,295.36 1 0
github.com/artziel/go-migrations/migrations.go:299.2,299.49 1 0
github.com/artziel/go-migrations/migrations.go:334.2,334.12 1 0
github.com/artziel/go-migrations/migrations.go:295.36,297.3 1 0
github.com/artziel/go-migrations/migrations.go:299.49,303.87 3 0
github.com/artziel/go-migrations/migrations.go:307.3,308.17 2 0
github.com/artziel/go-migrations/migrations.go:312.3,312.45 1 0
github.com/artziel/go-migrations/migrations.go:316.3,318.73 3 0
github.com/artziel/go-migrations/migrations.go:322.3,329.13 6 0
github.com/artziel/go-migrations/migrations.go:303.87,305.4 1 0
github.com/artziel/go-migrations/migrations.go:308.17,310.4 1 0
github.com/artziel/go-migrations/migrations.go:312.45,314.4 1 0
github.com/artziel/go-migrations/migrations.go:318.73,320.4 1 0
github.com/artziel/go-migrations/migrations.go:330.17,332.3 1 0
github.com/artziel/go-migrations/migrations.go:337.101,339.34 1 0
github.com/artziel/go-migrations/migrations.go:354.2,356.12 2 0
github.com/artziel/go-migrations/migrations.go:339.34,341.17 2 0
github.com/artziel/go-migrations/migrations.go:344.3,344.55 1 0
github.com/artziel/go-migrations/migrations.go:347.3,347.18 1 0
github.com/artziel/go-migrations/migrations.go:350.3,351.43 2 0
github.com/artziel/go-migrations/migrations.go:341.17,343.4 1 0
github.com/artziel/go-migrations/migrations.go:344.55,346.4 1 0
github.com/artziel/go-migrations/migrations.go:347.18,349.4 1 0
github.com/artziel/go-migrations/migrations.go:359.79,361.34 1 0
github.com/artziel/go-migrations/migrations.go:364.2,365.16 2 0
github.com/artziel/go-migrations/migrations.go:369.2,369.49 1 0
github.com/artziel/go-migrations/migrations.go:389.2,389.12 1 0
github.com/artziel/go-migrations/migrations.go:361.34,363.3 1 0
github.com/artziel/go-migrations/migrations.go:365.16,367.3 1 0
github.com/artziel/go-migrations/migrations.go:369.49,370.22 1 0
github.com/artziel/go-migrations/migrations.go:377.3,378.67 2 0
github.com/artziel/go-migrations/migrations.go:382.3,384.13 2 0
github.com/artziel/go-migrations/migrations.go:370.22,372.50 2 0
github.com/artziel/go-migrations/migrations.go:372.50,374.5 1 0
github.com/artziel/go-migrations/migrations.go:378.67,380.4 1 0
github.com/artziel/go-migrations/migrations.go:385.17,387.3 1 0
github.com/artziel/go-migrations/migrations.go:392.102,394.20 1 0
github.com/artziel/go-migrations/migrations.go:414.2,414.12 1 0
github.com/artziel/go-migrations/migrations.go:394.20,398.17 3 0
github.com/artziel/go-migrations/migrations.go:401.3,402.17 2 0
github.com/artziel/go-migrations/migrations.go:409.3,409.18 1 0
github.com/artziel/go-migrations/migrations.go:398.17,400.4 1 0
github.com/artziel/go-migrations/migrations.go:402.17,404.4 1 0
github.com/artziel/go-migrations/migrations.go:404.9,408.4 3 0
github.com/artziel/go-migrations/migrations.go:409.18,411.4 1 0
github.com/artziel/go-migrations/security.go:5.52,8.2 2 0
