mode: set
github.com/artziel/go-migrations/bridge.go:5.66,7.2 1 0
github.com/artziel/go-migrations/database.go:26.43,27.27 1 0
github.com/artziel/go-migrations/database.go:30.2,30.27 1 0
github.com/artziel/go-migrations/database.go:33.2,33.30 1 0
github.com/artziel/go-migrations/database.go:36.2,36.31 1 0
github.com/artziel/go-migrations/database.go:27.27,29.3 1 0
github.com/artziel/go-migrations/database.go:30.27,32.3 1 0
github.com/artziel/go-migrations/database.go:33.30,35.3 1 0
github.com/artziel/go-migrations/database.go:36.31,38.3 1 0
github.com/artziel/go-migrations/database.go:46.36,47.17 1 0
github.com/artziel/go-migrations/database.go:51.2,51.18 1 0
github.com/artziel/go-migrations/database.go:47.17,49.3 1 0
github.com/artziel/go-migrations/database.go:54.62,58.16 3 0
github.com/artziel/go-migrations/database.go:62.2,64.38 2 0
github.com/artziel/go-migrations/database.go:69.2,69.35 1 0
github.com/artziel/go-migrations/database.go:73.2,73.12 1 0
github.com/artziel/go-migrations/database.go:58.16,60.3 1 0
github.com/artziel/go-migrations/database.go:64.38,66.3 1 0
github.com/artziel/go-migrations/database.go:69.35,71.3 1 0
github.com/artziel/go-migrations/database.go:76.52,78.17 1 0
github.com/artziel/go-migrations/database.go:82.2,98.16 6 0
github.com/artziel/go-migrations/database.go:102.2,108.18 5 0
github.com/artziel/go-migrations/database.go:78.17,80.3 1 0
github.com/artziel/go-migrations/database.go:98.16,100.3 1 0
github.com/artziel/go-migrations/database.go:111.14,114.2 2 0
github.com/artziel/go-migrations/migration.go:26.66,31.16 3 1
github.com/artziel/go-migrations/migration.go:35.2,37.26 2 1
github.com/artziel/go-migrations/migration.go:31.16,33.3 1 0
github.com/artziel/go-migrations/migration.go:40.52,44.20 3 1
github.com/artziel/go-migrations/migration.go:47.2,47.11 1 1
github.com/artziel/go-migrations/migration.go:44.20,46.3 1 1
github.com/artziel/go-migrations/migration.go:50.49,54.20 3 1
github.com/artziel/go-migrations/migration.go:57.2,57.11 1 1
github.com/artziel/go-migrations/migration.go:54.20,56.3 1 1
github.com/artziel/go-migrations/migration.go:60.52,64.20 3 1
github.com/artziel/go-migrations/migration.go:67.2,67.11 1 1
github.com/artziel/go-migrations/migration.go:64.20,66.3 1 1
github.com/artziel/go-migrations/migration.go:70.54,74.20 3 1
github.com/artziel/go-migrations/migration.go:77.2,77.11 1 1
github.com/artziel/go-migrations/migration.go:74.20,76.3 1 1
github.com/artziel/go-migrations/migrations.go:15.48,18.18 2 0
github.com/artziel/go-migrations/migrations.go:22.2,22.16 1 0
github.com/artziel/go-migrations/migrations.go:18.18,20.3 1 0
github.com/artziel/go-migrations/migrations.go:25.40,35.2 6 1
github.com/artziel/go-migrations/migrations.go:37.51,40.16 3 0
github.com/artziel/go-migrations/migrations.go:44.2,49.23 5 0
github.com/artziel/go-migrations/migrations.go:40.16,42.3 1 0
github.com/artziel/go-migrations/migrations.go:77.68,81.16 3 0
github.com/artziel/go-migrations/migrations.go:85.2,87.32 2 0
github.com/artziel/go-migrations/migrations.go:92.2,92.35 1 0
github.com/artziel/go-migrations/migrations.go:96.2,96.12 1 0
github.com/artziel/go-migrations/migrations.go:81.16,83.3 1 0
github.com/artziel/go-migrations/migrations.go:87.32,89.3 1 0
github.com/artziel/go-migrations/migrations.go:92.35,94.3 1 0
github.com/artziel/go-migrations/migrations.go:102.30,103.30 1 0
github.com/artziel/go-migrations/migrations.go:106.2,107.22 2 0
github.com/artziel/go-migrations/migrations.go:103.30,105.3 1 0
github.com/artziel/go-migrations/migrations.go:113.56,115.57 1 0
github.com/artziel/go-migrations/migrations.go:115.57,118.40 3 0
github.com/artziel/go-migrations/migrations.go:118.40,120.4 1 0
github.com/artziel/go-migrations/migrations.go:121.8,124.3 2 0
github.com/artziel/go-migrations/migrations.go:131.66,135.39 2 0
github.com/artziel/go-migrations/migrations.go:144.2,144.12 1 0
github.com/artziel/go-migrations/migrations.go:135.39,136.53 1 0
github.com/artziel/go-migrations/migrations.go:136.53,139.4 2 0
github.com/artziel/go-migrations/migrations.go:139.9,142.4 2 0
github.com/artziel/go-migrations/migrations.go:150.55,151.26 1 0
github.com/artziel/go-migrations/migrations.go:157.2,157.14 1 0
github.com/artziel/go-migrations/migrations.go:151.26,152.19 1 0
github.com/artziel/go-migrations/migrations.go:152.19,154.4 1 0
github.com/artziel/go-migrations/migrations.go:168.84,176.42 6 0
github.com/artziel/go-migrations/migrations.go:179.2,183.16 4 0
github.com/artziel/go-migrations/migrations.go:186.2,187.18 2 0
github.com/artziel/go-migrations/migrations.go:198.2,199.16 2 0
github.com/artziel/go-migrations/migrations.go:203.2,203.15 1 0
github.com/artziel/go-migrations/migrations.go:176.42,177.13 1 0
github.com/artziel/go-migrations/migrations.go:183.16,184.13 1 0
github.com/artziel/go-migrations/migrations.go:187.18,190.17 3 0
github.com/artziel/go-migrations/migrations.go:190.17,192.4 1 0
github.com/artziel/go-migrations/migrations.go:192.9,196.4 3 0
github.com/artziel/go-migrations/migrations.go:199.16,201.3 1 0
github.com/artziel/go-migrations/migrations.go:206.71,211.30 3 0
github.com/artziel/go-migrations/migrations.go:214.2,216.25 2 0
github.com/artziel/go-migrations/migrations.go:222.2,222.19 1 0
github.com/artziel/go-migrations/migrations.go:211.30,213.3 1 0
github.com/artziel/go-migrations/migrations.go:216.25,217.39 1 0
github.com/artziel/go-migrations/migrations.go:217.39,219.4 1 0
github.com/artziel/go-migrations/migrations.go:225.79,235.16 3 0
github.com/artziel/go-migrations/migrations.go:240.2,242.30 2 0
github.com/artziel/go-migrations/migrations.go:235.16,238.3 2 0
github.com/artziel/go-migrations/migrations.go:245.50,249.30 3 0
github.com/artziel/go-migrations/migrations.go:252.2,254.25 2 0
github.com/artziel/go-migrations/migrations.go:258.2,258.19 1 0
github.com/artziel/go-migrations/migrations.go:249.30,251.3 1 0
github.com/artziel/go-migrations/migrations.go:254.25,256.3 1 0
github.com/artziel/go-migrations/migrations.go:261.52,264.16 2 0
github.com/artziel/go-migrations/migrations.go:268.2,268.29 1 0
github.com/artziel/go-migrations/migrations.go:285.2,288.12 3 0
github.com/artziel/go-migrations/migrations.go:264.16,266.3 1 0
github.com/artziel/go-migrations/migrations.go:268.29,270.17 2 0
github.com/artziel/go-migrations/migrations.go:273.3,273.57 1 0
github.com/artziel/go-migrations/migrations.go:270.17,272.4 1 0
github.com/artziel/go-migrations/migrations.go:273.57,275.4 1 0
github.com/artziel/go-migrations/migrations.go:275.9,277.38 2 0
github.com/artziel/go-migrations/migrations.go:277.38,279.5 1 0
github.com/artziel/go-migrations/migrations.go:279.10,281.5 1 0
github.com/artziel/go-migrations/migrations.go:291.47,293.2 1 0
github.com/artziel/go-migrations/migrations.go:295.45,297.2 1 0
github.com/artziel/go-migrations/migrations.go:299.78,300.36 1 0
github.com/artziel/go-migrations/migrations.go:304.2,304.49 1 0
github.com/artziel/go-migrations/migrations.go:339.2,339.12 1 0
github.com/artziel/go-migrations/migrations.go:300.36,302.3 1 0
github.com/artziel/go-migrations/migrations.go:304.49,308.87 3 0
github.com/artziel/go-migrations/migrations.go:312.3,313.17 2 0
github.com/artziel/go-migrations/migrations.go:317.3,317.45 1 0
github.com/artziel/go-migrations/migrations.go:321.3,323.73 3 0
github.com/artziel/go-migrations/migrations.go:327.3,334.13 6 0
github.com/artziel/go-migrations/migrations.go:308.87,310.4 1 0
github.com/artziel/go-migrations/migrations.go:313.17,315.4 1 0
github.com/artziel/go-migrations/migrations.go:317.45,319.4 1 0
github.com/artziel/go-migrations/migrations.go:323.73,325.4 1 0
github.com/artziel/go-migrations/migrations.go:335.17,337.3 1 0
github.com/artziel/go-migrations/migrations.go:342.101,344.34 1 0
github.com/artziel/go-migrations/migrations.go:359.2,361.12 2 0
github.com/artziel/go-migrations/migrations.go:344.34,346.17 2 0
github.com/artziel/go-migrations/migrations.go:349.3,349.55 1 0
github.com/artziel/go-migrations/migrations.go:352.3,352.18 1 0
github.com/artziel/go-migrations/migrations.go:355.3,356.43 2 0
github.com/artziel/go-migrations/migrations.go:346.17,348.4 1 0
github.com/artziel/go-migrations/migrations.go:349.55,351.4 1 0
github.com/artziel/go-migrations/migrations.go:352.18,354.4 1 0
github.com/artziel/go-migrations/migrations.go:364.79,366.34 1 0
github.com/artziel/go-migrations/migrations.go:369.2,370.16 2 0
github.com/artziel/go-migrations/migrations.go:374.2,374.49 1 0
github.com/artziel/go-migrations/migrations.go:394.2,394.12 1 0
github.com/artziel/go-migrations/migrations.go:366.34,368.3 1 0
github.com/artziel/go-migrations/migrations.go:370.16,372.3 1 0
github.com/artziel/go-migrations/migrations.go:374.49,375.22 1 0
github.com/artziel/go-migrations/migrations.go:382.3,383.67 2 0
github.com/artziel/go-migrations/migrations.go:387.3,389.13 2 0
github.com/artziel/go-migrations/migrations.go:375.22,377.50 2 0
github.com/artziel/go-migrations/migrations.go:377.50,379.5 1 0
github.com/artziel/go-migrations/migrations.go:383.67,385.4 1 0
github.com/artziel/go-migrations/migrations.go:390.17,392.3 1 0
github.com/artziel/go-migrations/migrations.go:397.102,399.20 1 0
github.com/artziel/go-migrations/migrations.go:419.2,419.12 1 0
github.com/artziel/go-migrations/migrations.go:399.20,403.17 3 0
github.com/artziel/go-migrations/migrations.go:406.3,407.17 2 0
github.com/artziel/go-migrations/migrations.go:414.3,414.18 1 0
github.com/artziel/go-migrations/migrations.go:403.17,405.4 1 0
github.com/artziel/go-migrations/migrations.go:407.17,409.4 1 0
github.com/artziel/go-migrations/migrations.go:409.9,413.4 3 0
github.com/artziel/go-migrations/migrations.go:414.18,416.4 1 0
github.com/artziel/go-migrations/security.go:5.52,8.2 2 0
